<?xml version="1.0" encoding="UTF-8"?>
<coverage generated="1771331610668" clover="3.2.0">
  <project timestamp="1771331610668" name="All files">
    <metrics statements="16" coveredstatements="16" conditionals="4" coveredconditionals="3" methods="7" coveredmethods="7" elements="27" coveredelements="26" complexity="0" loc="16" ncloc="16" packages="1" files="1" classes="1"/>
    <file name="ManagerDashboard.tsx" path="C:\Users\akagupta\Desktop\attendence management Application\citi-AMA\src\component\ManagerDashboard.tsx">
      <metrics statements="16" coveredstatements="16" conditionals="4" coveredconditionals="3" methods="7" coveredmethods="7"/>
      <line num="12" count="1" type="stmt"/>
      <line num="31" count="21" type="stmt"/>
      <line num="32" count="21" type="stmt"/>
      <line num="33" count="21" type="stmt"/>
      <line num="34" count="21" type="stmt"/>
      <line num="35" count="11" type="stmt"/>
      <line num="36" count="11" type="stmt"/>
      <line num="37" count="10" type="stmt"/>
      <line num="40" count="1" type="stmt"/>
      <line num="43" count="21" type="stmt"/>
      <line num="44" count="11" type="stmt"/>
      <line num="47" count="21" type="stmt"/>
      <line num="51" count="2" type="cond" truecount="1" falsecount="1"/>
      <line num="52" count="46" type="stmt"/>
      <line num="54" count="20" type="stmt"/>
      <line num="56" count="44" type="stmt"/>
    </file>
  </project>
</coverage>
