{"C:\\Users\\akagupta\\Desktop\\attendence management Application\\citi-AMA\\src\\component\\ManagerDashboard.tsx": {"path":"C:\\Users\\akagupta\\Desktop\\attendence management Application\\citi-AMA\\src\\component\\ManagerDashboard.tsx","statementMap":{"0":{"start":{"line":12,"column":16},"end":{"line":23,"column":null}},"1":{"start":{"line":31,"column":32},"end":{"line":31,"column":null}},"2":{"start":{"line":32,"column":26},"end":{"line":32,"column":null}},"3":{"start":{"line":33,"column":17},"end":{"line":33,"column":null}},"4":{"start":{"line":34,"column":22},"end":{"line":42,"column":null}},"5":{"start":{"line":35,"column":8},"end":{"line":41,"column":null}},"6":{"start":{"line":36,"column":24},"end":{"line":36,"column":null}},"7":{"start":{"line":37,"column":12},"end":{"line":37,"column":null}},"8":{"start":{"line":40,"column":12},"end":{"line":40,"column":null}},"9":{"start":{"line":43,"column":4},"end":{"line":45,"column":null}},"10":{"start":{"line":44,"column":8},"end":{"line":44,"column":null}},"11":{"start":{"line":47,"column":4},"end":{"line":67,"column":null}},"12":{"start":{"line":51,"column":95},"end":{"line":51,"column":125}},"13":{"start":{"line":52,"column":44},"end":{"line":52,"column":null}},"14":{"start":{"line":54,"column":50},"end":{"line":54,"column":null}},"15":{"start":{"line":56,"column":41},"end":{"line":63,"column":56}}},"fnMap":{"0":{"name":"ManagerDashboard","decl":{"start":{"line":30,"column":24},"end":{"line":30,"column":43}},"loc":{"start":{"line":30,"column":43},"end":{"line":69,"column":null}},"line":30},"1":{"name":"(anonymous_1)","decl":{"start":{"line":34,"column":22},"end":{"line":34,"column":34}},"loc":{"start":{"line":34,"column":34},"end":{"line":42,"column":null}},"line":34},"2":{"name":"(anonymous_2)","decl":{"start":{"line":43,"column":14},"end":{"line":43,"column":20}},"loc":{"start":{"line":43,"column":20},"end":{"line":45,"column":7}},"line":43},"3":{"name":"(anonymous_3)","decl":{"start":{"line":51,"column":26},"end":{"line":51,"column":27}},"loc":{"start":{"line":51,"column":93},"end":{"line":51,"column":null}},"line":51},"4":{"name":"(anonymous_4)","decl":{"start":{"line":52,"column":32},"end":{"line":52,"column":33}},"loc":{"start":{"line":52,"column":44},"end":{"line":52,"column":null}},"line":52},"5":{"name":"(anonymous_5)","decl":{"start":{"line":54,"column":30},"end":{"line":54,"column":31}},"loc":{"start":{"line":54,"column":50},"end":{"line":54,"column":null}},"line":54},"6":{"name":"(anonymous_6)","decl":{"start":{"line":56,"column":29},"end":{"line":56,"column":30}},"loc":{"start":{"line":56,"column":41},"end":{"line":63,"column":56}},"line":56}},"branchMap":{"0":{"loc":{"start":{"line":51,"column":104},"end":{"line":51,"column":122}},"type":"binary-expr","locations":[{"start":{"line":51,"column":104},"end":{"line":51,"column":120}},{"start":{"line":51,"column":120},"end":{"line":51,"column":122}}],"line":51},"1":{"loc":{"start":{"line":53,"column":25},"end":{"line":53,"column":null}},"type":"binary-expr","locations":[{"start":{"line":53,"column":25},"end":{"line":53,"column":37}},{"start":{"line":53,"column":37},"end":{"line":53,"column":null}}],"line":53}},"s":{"0":1,"1":21,"2":21,"3":21,"4":21,"5":11,"6":11,"7":10,"8":1,"9":21,"10":11,"11":21,"12":2,"13":46,"14":20,"15":44},"f":{"0":21,"1":11,"2":11,"3":2,"4":46,"5":20,"6":44},"b":{"0":[2,0],"1":[21,11]},"meta":{"lastBranch":2,"lastFunction":7,"lastStatement":16,"seen":{"s:12:16:23:Infinity":0,"f:30:24:30:43":0,"s:31:32:31:Infinity":1,"s:32:26:32:Infinity":2,"s:33:17:33:Infinity":3,"s:34:22:42:Infinity":4,"f:34:22:34:34":1,"s:35:8:41:Infinity":5,"s:36:24:36:Infinity":6,"s:37:12:37:Infinity":7,"s:40:12:40:Infinity":8,"s:43:4:45:Infinity":9,"f:43:14:43:20":2,"s:44:8:44:Infinity":10,"s:47:4:67:Infinity":11,"f:51:26:51:27":3,"s:51:95:51:125":12,"b:51:104:51:120:51:120:51:122":0,"f:52:32:52:33":4,"s:52:44:52:Infinity":13,"b:53:25:53:37:53:37:53:Infinity":1,"f:54:30:54:31":5,"s:54:50:54:Infinity":14,"f:56:29:56:30":6,"s:56:41:63:56":15}}}
}
